<?xml version="1.0" encoding="UTF-8"?>
<testsuite name="com.davis.utilities.result.compare.UtilTest" tests="1" skipped="0" failures="0" errors="0" timestamp="2017-11-06T18:59:00" hostname="gutpunch" time="0.001">
  <properties/>
  <testcase name="uuidTest" classname="com.davis.utilities.result.compare.UtilTest" time="0.001"/>
  <system-out><![CDATA[]]></system-out>
  <system-err><![CDATA[]]></system-err>
</testsuite>
